<PID.11>
    <PID.11.1>815 Oceanic Way</PID.11.1>
    <PID.11.2/>
    <PID.11.3>Santa Barbara</PID.11.3>
    <PID.11.4>CA</PID.11.4>
    <PID.11.5>93108</PID.11.5>
</PID.11>
