<HL7Message>
    <MSH>
        <MSH.1>|</MSH.1>
        <MSH.2>^~\&amp;</MSH.2>
        <MSH.3>
            <MSH.3.1>MIRTH</MSH.3.1>
        </MSH.3>
        <MSH.4>
            <MSH.4.1>MIRTH</MSH.4.1>
        </MSH.4>
        <MSH.5/>
        <MSH.6/>
        <MSH.7>
            <MSH.7.1>200612131519</MSH.7.1>
        </MSH.7>
        <MSH.8/>
        <MSH.9>
            <MSH.9.1>ORM</MSH.9.1>
            <MSH.9.2>O01</MSH.9.2>
        </MSH.9>
        <MSH.10>
            <MSH.10.1>12345678</MSH.10.1>
        </MSH.10>
        <MSH.11>
            <MSH.11.1>P</MSH.11.1>
        </MSH.11>
        <MSH.12>
            <MSH.12.1>2.4</MSH.12.1>
        </MSH.12>
        <MSH.13/>
        <MSH.14/>
        <MSH.15>
            <MSH.15.1>AL</MSH.15.1>
        </MSH.15>
        <MSH.16>
            <MSH.16.1>NE</MSH.16.1>
        </MSH.16>
    </MSH>
    <OBX>
        <OBX.1>
            <OBX.1.1>1</OBX.1.1>
        </OBX.1>
        <OBX.2>
            <OBX.2.1>foo</OBX.2.1>
        </OBX.2>
        <OBX.2>
            <OBX.2.1>bar</OBX.2.1>
        </OBX.2>
        <OBX.2>
            <OBX.2.1>baz</OBX.2.1>
        </OBX.2>
        <OBX.3/>
    </OBX>
</HL7Message>
