<HL7Message>
    <MSH>
        <MSH.1>|</MSH.1>
        <MSH.2>^~\&amp;</MSH.2>
        <MSH.3>
            <MSH.3.1>MIRTH</MSH.3.1>
        </MSH.3>
        <MSH.4>
            <MSH.4.1>MIRTH</MSH.4.1>
        </MSH.4>
        <MSH.5/>
        <MSH.6/>
        <MSH.7>
            <MSH.7.1>200612131519</MSH.7.1>
        </MSH.7>
        <MSH.8/>
        <MSH.9>
            <MSH.9.1>ORM</MSH.9.1>
            <MSH.9.2>O01</MSH.9.2>
        </MSH.9>
        <MSH.10>
            <MSH.10.1>12345678</MSH.10.1>
        </MSH.10>
        <MSH.11>
            <MSH.11.1>P</MSH.11.1>
        </MSH.11>
        <MSH.12>
            <MSH.12.1>2.4</MSH.12.1>
        </MSH.12>
        <MSH.13/>
        <MSH.14/>
        <MSH.15>
            <MSH.15.1>AL</MSH.15.1>
        </MSH.15>
        <MSH.16>
            <MSH.16.1>NE</MSH.16.1>
        </MSH.16>
    </MSH>
    <PID>
        <PID.1>
            <PID.1.1>1</PID.1.1>
        </PID.1>
        <PID.2>
            <PID.2.4>Mirth</PID.2.4>
            <PID.2.5>PN</PID.2.5>
        </PID.2>
        <PID.3>
            <PID.3.1>4223161584</PID.3.1>
        </PID.3>
        <PID.4>
            <PID.4.1>4223161584</PID.4.1>
        </PID.4>
        <PID.5>
            <PID.5.1>Hanso</PID.5.1>
            <PID.5.2>Alvar</PID.5.2>
            <PID.5.3/>
            <PID.5.4/>
            <PID.5.5/>
            <PID.5.6/>
        </PID.5>
        <PID.6/>
        <PID.7>
            <PID.7.1>Aug 15, 1942</PID.7.1>
        </PID.7>
        <PID.8>
            <PID.8.1>M</PID.8.1>
        </PID.8>
        <PID.9/>
        <PID.10/>
        <PID.11>
            <PID.11.1>815 Oceanic Way</PID.11.1>
            <PID.11.2/>
            <PID.11.3>Santa Barbara</PID.11.3>
            <PID.11.4>CA</PID.11.4>
            <PID.11.5>93108</PID.11.5>
        </PID.11>
        <PID.12/>
        <PID.13>
            <PID.13.1>481 516-2342</PID.13.1>
        </PID.13>
        <PID.14/>
        <PID.15/>
        <PID.16/>
        <PID.17/>
        <PID.18/>
        <PID.19>
            <PID.19.1>815-16-2342</PID.19.1>
        </PID.19>
        <PID.20/>
    </PID>
</HL7Message>
