<HL7Message>
    <MSH>
        <MSH.1>|</MSH.1>
        <MSH.2>^~\&amp;</MSH.2>
        <MSH.3>
            <MSH.3.1>MIRTH</MSH.3.1>
        </MSH.3>
        <MSH.4>
            <MSH.4.1>MIRTH</MSH.4.1>
        </MSH.4>
        <MSH.5/>
        <MSH.6/>
        <MSH.7>
            <MSH.7.1>200612131519</MSH.7.1>
        </MSH.7>
        <MSH.8/>
        <MSH.9>
            <MSH.9.1>ORM</MSH.9.1>
            <MSH.9.2>O01</MSH.9.2>
        </MSH.9>
        <MSH.10>
            <MSH.10.1>12345678</MSH.10.1>
        </MSH.10>
        <MSH.11>
            <MSH.11.1>P</MSH.11.1>
        </MSH.11>
        <MSH.12>
            <MSH.12.1>2.4</MSH.12.1>
        </MSH.12>
        <MSH.13/>
        <MSH.14/>
        <MSH.15>
            <MSH.15.1>AL</MSH.15.1>
        </MSH.15>
        <MSH.16>
            <MSH.16.1>NE</MSH.16.1>
        </MSH.16>
    </MSH>
    <PID>
        <PID.1>
            <PID.1.1>1</PID.1.1>
        </PID.1>
        <PID.2>
            <PID.2.1>4223161584</PID.2.1>
            <PID.2.2/>
            <PID.2.3/>
            <PID.2.4>Mirth</PID.2.4>
            <PID.2.5>PN</PID.2.5>
        </PID.2>
        <PID.3>
            <PID.3.1>4223161584</PID.3.1>
        </PID.3>
        <PID.4>
            <PID.4.1>4223161584</PID.4.1>
        </PID.4>
        <PID.5>
            <PID.5.1>Hanso</PID.5.1>
            <PID.5.2>Alvar</PID.5.2>
            <PID.5.3/>
            <PID.5.4/>
            <PID.5.5/>
            <PID.5.6/>
        </PID.5>
        <PID.6/>
        <PID.7>
            <PID.7.1>Aug 15, 1942</PID.7.1>
        </PID.7>
        <PID.8>
            <PID.8.1>M</PID.8.1>
        </PID.8>
        <PID.9/>
        <PID.10/>
        <PID.11>
            <PID.11.1>815 Oceanic Way</PID.11.1>
            <PID.11.2/>
            <PID.11.3>Santa Barbara</PID.11.3>
            <PID.11.4>CA</PID.11.4>
            <PID.11.5>93108</PID.11.5>
        </PID.11>
        <PID.12/>
        <PID.13>
            <PID.13.1>481 516-2342</PID.13.1>
        </PID.13>
        <PID.14/>
        <PID.15/>
        <PID.16/>
        <PID.17/>
        <PID.18/>
        <PID.19>
            <PID.19.1>815-16-2342</PID.19.1>
        </PID.19>
        <PID.20/>
    </PID>
    <PV1>
        <PV1.1>
            <PV1.1.1>1</PV1.1.1>
        </PV1.1>
        <PV1.2>
            <PV1.2.1>O</PV1.2.1>
        </PV1.2>
        <PV1.3>
            <PV1.3.1>Mirth Corporation</PV1.3.1>
        </PV1.3>
        <PV1.4>
            <PV1.4.1>OP</PV1.4.1>
        </PV1.4>
        <PV1.5/>
        <PV1.6/>
        <PV1.7>
            <PV1.7.1>ShephardJ</PV1.7.1>
            <PV1.7.2>Shephard</PV1.7.2>
            <PV1.7.3>Jack</PV1.7.3>
            <PV1.7.4>G</PV1.7.4>
            <PV1.7.5/>
            <PV1.7.6/>
            <PV1.7.7>MD</PV1.7.7>
        </PV1.7>
        <PV1.8>
            <PV1.8.1>BurkeJ</PV1.8.1>
            <PV1.8.2>Burke</PV1.8.2>
            <PV1.8.3>Juliet</PV1.8.3>
            <PV1.8.4>F</PV1.8.4>
            <PV1.8.5/>
            <PV1.8.6/>
            <PV1.8.7>MD</PV1.8.7>
        </PV1.8>
        <PV1.9/>
        <PV1.10>
            <PV1.10.1>CARE</PV1.10.1>
        </PV1.10>
        <PV1.11/>
        <PV1.12/>
        <PV1.13/>
        <PV1.14>
            <PV1.14.1>PHYSICIAN</PV1.14.1>
        </PV1.14>
        <PV1.15/>
        <PV1.16/>
        <PV1.17/>
        <PV1.18>
            <PV1.18.1>CLINIC</PV1.18.1>
        </PV1.18>
        <PV1.19/>
        <PV1.20>
            <PV1.20.1>BC</PV1.20.1>
        </PV1.20>
        <PV1.21/>
        <PV1.22/>
        <PV1.23/>
        <PV1.24/>
        <PV1.25/>
        <PV1.26/>
        <PV1.27/>
        <PV1.28/>
        <PV1.29/>
        <PV1.30/>
        <PV1.31/>
        <PV1.32/>
        <PV1.33/>
        <PV1.34/>
        <PV1.35/>
        <PV1.36/>
        <PV1.37/>
        <PV1.38/>
        <PV1.39>
            <PV1.39.1>Mirth Corporation</PV1.39.1>
        </PV1.39>
        <PV1.40/>
        <PV1.41>
            <PV1.41.1>REG</PV1.41.1>
        </PV1.41>
        <PV1.42/>
        <PV1.43/>
        <PV1.44>
            <PV1.44.1>Aug 14, 2004</PV1.44.1>
        </PV1.44>
        <PV1.45/>
        <PV1.46/>
        <PV1.47/>
        <PV1.48/>
        <PV1.49/>
        <PV1.50/>
    </PV1>
    <ORC>
        <ORC.1>
            <ORC.1.1>XO</ORC.1.1>
        </ORC.1>
        <ORC.2>
            <ORC.2.1>801887.001</ORC.2.1>
        </ORC.2>
        <ORC.3/>
        <ORC.4/>
        <ORC.5>
            <ORC.5.1>R</ORC.5.1>
        </ORC.5>
        <ORC.6>
            <ORC.6.1>N</ORC.6.1>
        </ORC.6>
        <ORC.7/>
        <ORC.8/>
        <ORC.9/>
        <ORC.10/>
        <ORC.11/>
        <ORC.12/>
        <ORC.13/>
        <ORC.14/>
        <ORC.15/>
        <ORC.16/>
    </ORC>
    <OBR>
        <OBR.1>
            <OBR.1.1>1</OBR.1.1>
        </OBR.1>
        <OBR.2>
            <OBR.2.1>801887.001</OBR.2.1>
        </OBR.2>
        <OBR.3/>
        <OBR.4>
            <OBR.4.1>MRS</OBR.4.1>
            <OBR.4.2>Shephard</OBR.4.2>
            <OBR.4.3>Jane MRI W/&amp;W/O CONTRAST</OBR.4.3>
            <OBR.4.4>70553</OBR.4.4>
        </OBR.4>
        <OBR.5/>
        <OBR.6>
            <OBR.6.1>200612131230</OBR.6.1>
        </OBR.6>
        <OBR.7/>
        <OBR.8/>
        <OBR.9/>
        <OBR.10/>
        <OBR.11/>
        <OBR.12/>
        <OBR.13/>
        <OBR.14/>
        <OBR.15/>
        <OBR.16>
            <OBR.16.1>ShephardJ</OBR.16.1>
            <OBR.16.2>Shephard</OBR.16.2>
            <OBR.16.3>Jack</OBR.16.3>
            <OBR.16.4>G</OBR.16.4>
            <OBR.16.5/>
            <OBR.16.6/>
            <OBR.16.7>MD</OBR.16.7>
        </OBR.16>
        <OBR.17/>
        <OBR.18>
            <OBR.18.1>MR</OBR.18.1>
            <OBR.18.2>20061213-0007</OBR.18.2>
        </OBR.18>
        <OBR.19/>
        <OBR.20/>
        <OBR.21/>
        <OBR.22/>
        <OBR.23/>
        <OBR.24/>
        <OBR.25/>
        <OBR.26/>
        <OBR.27>
            <OBR.27.1>1</OBR.27.1>
            <OBR.27.2/>
            <OBR.27.3/>
            <OBR.27.4>200612131230</OBR.27.4>
            <OBR.27.5/>
            <OBR.27.6>R</OBR.27.6>
        </OBR.27>
        <OBR.28/>
        <OBR.29/>
        <OBR.30/>
        <OBR.31/>
        <OBR.32/>
        <OBR.33/>
        <OBR.34/>
        <OBR.35/>
    </OBR>
    <OBX>
        <OBX.1>
            <OBX.1.1>1</OBX.1.1>
        </OBX.1>
        <OBX.2>
            <OBX.2.1>NM</OBX.2.1>
        </OBX.2>
        <OBX.3>
            <OBX.3.1>84295</OBX.3.1>
            <OBX.3.2>SODIUM</OBX.3.2>
            <OBX.3.3>GH</OBX.3.3>
        </OBX.3>
        <OBX.4>
            <OBX.4.1>1</OBX.4.1>
        </OBX.4>
        <OBX.5>
            <OBX.5.1>145</OBX.5.1>
        </OBX.5>
        <OBX.6>
            <OBX.6.1>mmol/L</OBX.6.1>
        </OBX.6>
        <OBX.7/>
        <OBX.8/>
        <OBX.9/>
        <OBX.10/>
        <OBX.11>
            <OBX.11.1>F</OBX.11.1>
        </OBX.11>
        <OBX.12/>
        <OBX.13/>
        <OBX.14>
            <OBX.14.1>20060922152300</OBX.14.1>
        </OBX.14>
        <OBX.15>
            <OBX.15.1>GH</OBX.15.1>
        </OBX.15>
    </OBX>
    <OBX>
        <OBX.1>
            <OBX.1.1>2</OBX.1.1>
        </OBX.1>
        <OBX.2>
            <OBX.2.1>NM</OBX.2.1>
        </OBX.2>
        <OBX.3>
            <OBX.3.1>84132</OBX.3.1>
            <OBX.3.2>POTASSIUM</OBX.3.2>
            <OBX.3.3>GH</OBX.3.3>
        </OBX.3>
        <OBX.4>
            <OBX.4.1>2</OBX.4.1>
        </OBX.4>
        <OBX.5>
            <OBX.5.1>5.2</OBX.5.1>
        </OBX.5>
        <OBX.6>
            <OBX.6.1>mmol/L</OBX.6.1>
        </OBX.6>
        <OBX.7/>
        <OBX.8/>
        <OBX.9/>
        <OBX.10/>
        <OBX.11>
            <OBX.11.1>F</OBX.11.1>
        </OBX.11>
        <OBX.12/>
        <OBX.13/>
        <OBX.14>
            <OBX.14.1>20060922152300</OBX.14.1>
        </OBX.14>
        <OBX.15>
            <OBX.15.1>GH</OBX.15.1>
        </OBX.15>
    </OBX>
    <OBX>
        <OBX.1>
            <OBX.1.1>3</OBX.1.1>
        </OBX.1>
        <OBX.2>
            <OBX.2.1>NM</OBX.2.1>
        </OBX.2>
        <OBX.3>
            <OBX.3.1>82435</OBX.3.1>
            <OBX.3.2>CHLORIDE</OBX.3.2>
            <OBX.3.3>GH</OBX.3.3>
        </OBX.3>
        <OBX.4>
            <OBX.4.1>3</OBX.4.1>
        </OBX.4>
        <OBX.5>
            <OBX.5.1>108</OBX.5.1>
        </OBX.5>
        <OBX.6>
            <OBX.6.1>mmol/L</OBX.6.1>
        </OBX.6>
        <OBX.7/>
        <OBX.8/>
        <OBX.9/>
        <OBX.10/>
        <OBX.11>
            <OBX.11.1>F</OBX.11.1>
        </OBX.11>
        <OBX.12/>
        <OBX.13/>
        <OBX.14>
            <OBX.14.1>20060922152300</OBX.14.1>
        </OBX.14>
        <OBX.15>
            <OBX.15.1>GH</OBX.15.1>
        </OBX.15>
    </OBX>
    <OBX>
        <OBX.1>
            <OBX.1.1>4</OBX.1.1>
        </OBX.1>
        <OBX.2>
            <OBX.2.1>NM</OBX.2.1>
        </OBX.2>
        <OBX.3>
            <OBX.3.1>82374</OBX.3.1>
            <OBX.3.2>CARBON DIOXIDE</OBX.3.2>
            <OBX.3.3>GH</OBX.3.3>
        </OBX.3>
        <OBX.4>
            <OBX.4.1>4</OBX.4.1>
        </OBX.4>
        <OBX.5>
            <OBX.5.1>31</OBX.5.1>
        </OBX.5>
        <OBX.6>
            <OBX.6.1>mmol/L</OBX.6.1>
        </OBX.6>
        <OBX.7/>
        <OBX.8/>
        <OBX.9/>
        <OBX.10/>
        <OBX.11>
            <OBX.11.1>F</OBX.11.1>
        </OBX.11>
        <OBX.12/>
        <OBX.13/>
        <OBX.14>
            <OBX.14.1>20060922152300</OBX.14.1>
        </OBX.14>
        <OBX.15>
            <OBX.15.1>GH</OBX.15.1>
        </OBX.15>
    </OBX>
    <OBX>
        <OBX.1>
            <OBX.1.1>5</OBX.1.1>
        </OBX.1>
        <OBX.2>
            <OBX.2.1>NM</OBX.2.1>
        </OBX.2>
        <OBX.3>
            <OBX.3.1>84520</OBX.3.1>
            <OBX.3.2>BUN</OBX.3.2>
            <OBX.3.3>GH</OBX.3.3>
        </OBX.3>
        <OBX.4>
            <OBX.4.1>6</OBX.4.1>
        </OBX.4>
        <OBX.5>
            <OBX.5.1>22</OBX.5.1>
        </OBX.5>
        <OBX.6>
            <OBX.6.1>MG/DL</OBX.6.1>
        </OBX.6>
        <OBX.7/>
        <OBX.8/>
        <OBX.9/>
        <OBX.10/>
        <OBX.11>
            <OBX.11.1>F</OBX.11.1>
        </OBX.11>
        <OBX.12/>
        <OBX.13/>
        <OBX.14>
            <OBX.14.1>20060922152300</OBX.14.1>
        </OBX.14>
        <OBX.15>
            <OBX.15.1>GH</OBX.15.1>
        </OBX.15>
    </OBX>
    <OBX>
        <OBX.1>
            <OBX.1.1>6</OBX.1.1>
        </OBX.1>
        <OBX.2>
            <OBX.2.1>NM</OBX.2.1>
        </OBX.2>
        <OBX.3>
            <OBX.3.1>82565</OBX.3.1>
            <OBX.3.2>CREATININE</OBX.3.2>
            <OBX.3.3>GH</OBX.3.3>
            <OBX.3.4>2160-0</OBX.3.4>
            <OBX.3.5>CREATININE:MCNC:PT:SER/PLAS:QN:</OBX.3.5>
            <OBX.3.6>LN</OBX.3.6>
        </OBX.3>
        <OBX.4>
            <OBX.4.1>7</OBX.4.1>
        </OBX.4>
        <OBX.5>
            <OBX.5.1>1.3</OBX.5.1>
        </OBX.5>
        <OBX.6>
            <OBX.6.1>MG/DL</OBX.6.1>
        </OBX.6>
        <OBX.7/>
        <OBX.8/>
        <OBX.9/>
        <OBX.10/>
        <OBX.11>
            <OBX.11.1>F</OBX.11.1>
        </OBX.11>
        <OBX.12/>
        <OBX.13/>
        <OBX.14>
            <OBX.14.1>20060922152300</OBX.14.1>
        </OBX.14>
        <OBX.15>
            <OBX.15.1>GH</OBX.15.1>
        </OBX.15>
    </OBX>
    <OBX>
        <OBX.1>
            <OBX.1.1>7</OBX.1.1>
        </OBX.1>
        <OBX.2>
            <OBX.2.1>NM</OBX.2.1>
        </OBX.2>
        <OBX.3>
            <OBX.3.1>82947</OBX.3.1>
            <OBX.3.2>GLUCOSE</OBX.3.2>
            <OBX.3.3>GH</OBX.3.3>
        </OBX.3>
        <OBX.4>
            <OBX.4.1>5</OBX.4.1>
        </OBX.4>
        <OBX.5>
            <OBX.5.1>76</OBX.5.1>
        </OBX.5>
        <OBX.6>
            <OBX.6.1>MG/DL</OBX.6.1>
        </OBX.6>
        <OBX.7/>
        <OBX.8/>
        <OBX.9/>
        <OBX.10/>
        <OBX.11>
            <OBX.11.1>F</OBX.11.1>
        </OBX.11>
        <OBX.12/>
        <OBX.13/>
        <OBX.14>
            <OBX.14.1>20060922152300</OBX.14.1>
        </OBX.14>
        <OBX.15>
            <OBX.15.1>GH</OBX.15.1>
        </OBX.15>
    </OBX>
    <OBX>
        <OBX.1>
            <OBX.1.1>8</OBX.1.1>
        </OBX.1>
        <OBX.2>
            <OBX.2.1>NM</OBX.2.1>
        </OBX.2>
        <OBX.3>
            <OBX.3.1>82310</OBX.3.1>
            <OBX.3.2>CALCIUM</OBX.3.2>
            <OBX.3.3>GH</OBX.3.3>
        </OBX.3>
        <OBX.4>
            <OBX.4.1>8</OBX.4.1>
        </OBX.4>
        <OBX.5>
            <OBX.5.1>10.1</OBX.5.1>
        </OBX.5>
        <OBX.6>
            <OBX.6.1>MG/DL</OBX.6.1>
        </OBX.6>
        <OBX.7/>
        <OBX.8/>
        <OBX.9/>
        <OBX.10/>
        <OBX.11>
            <OBX.11.1>F</OBX.11.1>
        </OBX.11>
        <OBX.12/>
        <OBX.13/>
        <OBX.14>
            <OBX.14.1>20060922152300</OBX.14.1>
        </OBX.14>
        <OBX.15>
            <OBX.15.1>GH</OBX.15.1>
        </OBX.15>
    </OBX>
    <OBX>
        <OBX.1>
            <OBX.1.1>9</OBX.1.1>
        </OBX.1>
        <OBX.2>
            <OBX.2.1>NM</OBX.2.1>
        </OBX.2>
        <OBX.3>
            <OBX.3.1>82311</OBX.3.1>
            <OBX.3.2>PHPOSPHATE</OBX.3.2>
            <OBX.3.3>GH</OBX.3.3>
        </OBX.3>
        <OBX.4>
            <OBX.4.1>8</OBX.4.1>
        </OBX.4>
        <OBX.5>
            <OBX.5.1>5.1</OBX.5.1>
        </OBX.5>
        <OBX.6>
            <OBX.6.1>MG/DL</OBX.6.1>
        </OBX.6>
        <OBX.7/>
        <OBX.8/>
        <OBX.9/>
        <OBX.10/>
        <OBX.11>
            <OBX.11.1>F</OBX.11.1>
        </OBX.11>
        <OBX.12/>
        <OBX.13/>
        <OBX.14>
            <OBX.14.1>20060922152300</OBX.14.1>
        </OBX.14>
        <OBX.15>
            <OBX.15.1>GH</OBX.15.1>
        </OBX.15>
    </OBX>
    <OBX>
        <OBX.1>
            <OBX.1.1>10</OBX.1.1>
        </OBX.1>
        <OBX.2>
            <OBX.2.1>NM</OBX.2.1>
        </OBX.2>
        <OBX.3>
            <OBX.3.1>82312</OBX.3.1>
            <OBX.3.2>MAGNESIUM</OBX.3.2>
            <OBX.3.3>GH</OBX.3.3>
        </OBX.3>
        <OBX.4>
            <OBX.4.1>8</OBX.4.1>
        </OBX.4>
        <OBX.5>
            <OBX.5.1>2.2</OBX.5.1>
        </OBX.5>
        <OBX.6>
            <OBX.6.1>MG/DL</OBX.6.1>
        </OBX.6>
        <OBX.7/>
        <OBX.8/>
        <OBX.9/>
        <OBX.10/>
        <OBX.11>
            <OBX.11.1>F</OBX.11.1>
        </OBX.11>
        <OBX.12/>
        <OBX.13/>
        <OBX.14>
            <OBX.14.1>20060922152300</OBX.14.1>
        </OBX.14>
        <OBX.15>
            <OBX.15.1>GH</OBX.15.1>
        </OBX.15>
    </OBX>
    <OBX>
        <OBX.1>
            <OBX.1.1>11</OBX.1.1>
        </OBX.1>
        <OBX.2>
            <OBX.2.1>NM</OBX.2.1>
        </OBX.2>
        <OBX.3>
            <OBX.3.1>82313</OBX.3.1>
            <OBX.3.2>ALUBUMIN</OBX.3.2>
            <OBX.3.3>GH</OBX.3.3>
        </OBX.3>
        <OBX.4>
            <OBX.4.1>8</OBX.4.1>
        </OBX.4>
        <OBX.5>
            <OBX.5.1>3.4</OBX.5.1>
        </OBX.5>
        <OBX.6>
            <OBX.6.1>MG/DL</OBX.6.1>
        </OBX.6>
        <OBX.7/>
        <OBX.8/>
        <OBX.9/>
        <OBX.10/>
        <OBX.11>
            <OBX.11.1>F</OBX.11.1>
        </OBX.11>
        <OBX.12/>
        <OBX.13/>
        <OBX.14>
            <OBX.14.1>20060922152300</OBX.14.1>
        </OBX.14>
        <OBX.15>
            <OBX.15.1>GH</OBX.15.1>
        </OBX.15>
    </OBX>
    <OBX>
        <OBX.1>
            <OBX.1.1>12</OBX.1.1>
        </OBX.1>
        <OBX.2>
            <OBX.2.1>NM</OBX.2.1>
        </OBX.2>
        <OBX.3>
            <OBX.3.1>82314</OBX.3.1>
            <OBX.3.2>DIRECT BILIRUBIN</OBX.3.2>
            <OBX.3.3>GH</OBX.3.3>
        </OBX.3>
        <OBX.4>
            <OBX.4.1>8</OBX.4.1>
        </OBX.4>
        <OBX.5>
            <OBX.5.1>6.1</OBX.5.1>
        </OBX.5>
        <OBX.6>
            <OBX.6.1>MG/DL</OBX.6.1>
        </OBX.6>
        <OBX.7/>
        <OBX.8/>
        <OBX.9/>
        <OBX.10/>
        <OBX.11>
            <OBX.11.1>F</OBX.11.1>
        </OBX.11>
        <OBX.12/>
        <OBX.13/>
        <OBX.14>
            <OBX.14.1>20060922152300</OBX.14.1>
        </OBX.14>
        <OBX.15>
            <OBX.15.1>GH</OBX.15.1>
        </OBX.15>
    </OBX>
    <OBX>
        <OBX.1>
            <OBX.1.1>13</OBX.1.1>
        </OBX.1>
        <OBX.2>
            <OBX.2.1>NM</OBX.2.1>
        </OBX.2>
        <OBX.3>
            <OBX.3.1>82315</OBX.3.1>
            <OBX.3.2>TRIGLYCERIE</OBX.3.2>
            <OBX.3.3>GH</OBX.3.3>
        </OBX.3>
        <OBX.4>
            <OBX.4.1>8</OBX.4.1>
        </OBX.4>
        <OBX.5>
            <OBX.5.1>100.1</OBX.5.1>
        </OBX.5>
        <OBX.6>
            <OBX.6.1>MG/DL</OBX.6.1>
        </OBX.6>
        <OBX.7/>
        <OBX.8/>
        <OBX.9/>
        <OBX.10/>
        <OBX.11>
            <OBX.11.1>F</OBX.11.1>
        </OBX.11>
        <OBX.12/>
        <OBX.13/>
        <OBX.14>
            <OBX.14.1>20060922152300</OBX.14.1>
        </OBX.14>
        <OBX.15>
            <OBX.15.1>GH</OBX.15.1>
        </OBX.15>
    </OBX>
    <OBX>
        <OBX.1>
            <OBX.1.1>14</OBX.1.1>
        </OBX.1>
        <OBX.2>
            <OBX.2.1>NM</OBX.2.1>
        </OBX.2>
        <OBX.3>
            <OBX.3.1>82316</OBX.3.1>
            <OBX.3.2>ZINC</OBX.3.2>
            <OBX.3.3>GH</OBX.3.3>
        </OBX.3>
        <OBX.4>
            <OBX.4.1>8</OBX.4.1>
        </OBX.4>
        <OBX.5>
            <OBX.5.1>100.1</OBX.5.1>
        </OBX.5>
        <OBX.6>
            <OBX.6.1>MG/DL</OBX.6.1>
        </OBX.6>
        <OBX.7/>
        <OBX.8/>
        <OBX.9/>
        <OBX.10/>
        <OBX.11>
            <OBX.11.1>F</OBX.11.1>
        </OBX.11>
        <OBX.12/>
        <OBX.13/>
        <OBX.14>
            <OBX.14.1>20060922152300</OBX.14.1>
        </OBX.14>
        <OBX.15>
            <OBX.15.1>GH</OBX.15.1>
        </OBX.15>
    </OBX>
    <OBX>
        <OBX.1>
            <OBX.1.1>15</OBX.1.1>
        </OBX.1>
        <OBX.2>
            <OBX.2.1>NM</OBX.2.1>
        </OBX.2>
        <OBX.3>
            <OBX.3.1>82317</OBX.3.1>
            <OBX.3.2>COPPER</OBX.3.2>
            <OBX.3.3>GH</OBX.3.3>
        </OBX.3>
        <OBX.4>
            <OBX.4.1>8</OBX.4.1>
        </OBX.4>
        <OBX.5>
            <OBX.5.1>100.1</OBX.5.1>
        </OBX.5>
        <OBX.6>
            <OBX.6.1>MG/DL</OBX.6.1>
        </OBX.6>
        <OBX.7/>
        <OBX.8/>
        <OBX.9/>
        <OBX.10/>
        <OBX.11>
            <OBX.11.1>F</OBX.11.1>
        </OBX.11>
        <OBX.12/>
        <OBX.13/>
        <OBX.14>
            <OBX.14.1>20060922152300</OBX.14.1>
        </OBX.14>
        <OBX.15>
            <OBX.15.1>GH</OBX.15.1>
        </OBX.15>
    </OBX>
    <OBX>
        <OBX.1>
            <OBX.1.1>16</OBX.1.1>
        </OBX.1>
        <OBX.2>
            <OBX.2.1>NM</OBX.2.1>
        </OBX.2>
        <OBX.3>
            <OBX.3.1>82318</OBX.3.1>
            <OBX.3.2>SELENIUM</OBX.3.2>
            <OBX.3.3>GH</OBX.3.3>
        </OBX.3>
        <OBX.4>
            <OBX.4.1>8</OBX.4.1>
        </OBX.4>
        <OBX.5>
            <OBX.5.1>100.1</OBX.5.1>
        </OBX.5>
        <OBX.6>
            <OBX.6.1>MG/DL</OBX.6.1>
        </OBX.6>
        <OBX.7/>
        <OBX.8/>
        <OBX.9/>
        <OBX.10/>
        <OBX.11>
            <OBX.11.1>F</OBX.11.1>
        </OBX.11>
        <OBX.12/>
        <OBX.13/>
        <OBX.14>
            <OBX.14.1>20060922152300</OBX.14.1>
        </OBX.14>
        <OBX.15>
            <OBX.15.1>GH</OBX.15.1>
        </OBX.15>
    </OBX>
    <OBX>
        <OBX.1>
            <OBX.1.1>17</OBX.1.1>
        </OBX.1>
        <OBX.2>
            <OBX.2.1>NM</OBX.2.1>
        </OBX.2>
        <OBX.3>
            <OBX.3.1>82319</OBX.3.1>
            <OBX.3.2>ALK PHOS</OBX.3.2>
            <OBX.3.3>GH</OBX.3.3>
        </OBX.3>
        <OBX.4>
            <OBX.4.1>8</OBX.4.1>
        </OBX.4>
        <OBX.5>
            <OBX.5.1>100.1</OBX.5.1>
        </OBX.5>
        <OBX.6>
            <OBX.6.1>MG/DL</OBX.6.1>
        </OBX.6>
        <OBX.7/>
        <OBX.8/>
        <OBX.9/>
        <OBX.10/>
        <OBX.11>
            <OBX.11.1>F</OBX.11.1>
        </OBX.11>
        <OBX.12/>
        <OBX.13/>
        <OBX.14>
            <OBX.14.1>20060922152300</OBX.14.1>
        </OBX.14>
        <OBX.15>
            <OBX.15.1>GH</OBX.15.1>
        </OBX.15>
    </OBX>
</HL7Message>
