<PID>
    <PID.1>
        <PID.1.1>1</PID.1.1>
    </PID.1>
    <PID.2>
        <PID.2.1>4223161584</PID.2.1>
        <PID.2.2/>
        <PID.2.3/>
        <PID.2.4>Mirth</PID.2.4>
        <PID.2.5>PN</PID.2.5>
    </PID.2>
    <PID.3>
        <PID.3.1>4223161584</PID.3.1>
    </PID.3>
    <PID.4>
        <PID.4.1>4223161584</PID.4.1>
    </PID.4>
    <PID.5>
        <PID.5.1>Hanso</PID.5.1>
        <PID.5.2>Alvar</PID.5.2>
        <PID.5.3/>
        <PID.5.4/>
        <PID.5.5/>
        <PID.5.6/>
    </PID.5>
    <PID.6/>
    <PID.7>
        <PID.7.1>Aug 15, 1942</PID.7.1>
    </PID.7>
    <PID.8>
        <PID.8.1>M</PID.8.1>
    </PID.8>
    <PID.9/>
    <PID.10/>
    <PID.11>
        <PID.11.1>815 Oceanic Way</PID.11.1>
        <PID.11.2/>
        <PID.11.3>Santa Barbara</PID.11.3>
        <PID.11.4>CA</PID.11.4>
        <PID.11.5>93108</PID.11.5>
    </PID.11>
    <PID.12/>
    <PID.13>
        <PID.13.1>481 516-2342</PID.13.1>
    </PID.13>
    <PID.14/>
    <PID.15/>
    <PID.16/>
    <PID.17/>
    <PID.18/>
    <PID.19>
        <PID.19.1>815-16-2342</PID.19.1>
    </PID.19>
    <PID.20/>
</PID>
